INFO Thread-8 eu.leads.crawler.download.DefaultDownloader - Request to http://www.bbc.co.uk/news/uk-england-london-29496154 violates this downloader constraints
INFO Thread-8 eu.leads.crawler.download.DefaultDownloader - http://www.bbc.co.uk/sport/0/football/29500091 content length exceeded limit, stopping downloading
INFO Thread-8 eu.leads.crawler.download.DefaultDownloader - Request to http://www.bbc.co.uk/sport/0/football/29500091 violates this downloader constraints
INFO Thread-8 eu.leads.crawler.download.DefaultDownloader - http://www.bbc.co.uk/sport/0/ content length exceeded limit, stopping downloading
INFO Thread-8 eu.leads.crawler.download.DefaultDownloader - Request to http://www.bbc.co.uk/sport/0/ violates this downloader constraints
INFO Thread-8 eu.leads.crawler.download.DefaultDownloader - http://www.bbc.co.uk/sport/0/cricket/29500839 content length exceeded limit, stopping downloading
INFO Thread-8 eu.leads.crawler.download.DefaultDownloader - Request to http://www.bbc.co.uk/sport/0/cricket/29500839 violates this downloader constraints
INFO Thread-8 eu.leads.crawler.download.DefaultDownloader - http://www.bbc.co.uk/sport/0/formula1/29497692 content length exceeded limit, stopping downloading
INFO Thread-8 eu.leads.crawler.download.DefaultDownloader - Request to http://www.bbc.co.uk/sport/0/formula1/29497692 violates this downloader constraints
INFO Thread-8 eu.leads.crawler.download.DefaultDownloader - http://www.bbc.co.uk/sport/0/football/29497521 content length exceeded limit, stopping downloading
INFO Thread-8 eu.leads.crawler.download.DefaultDownloader - Request to http://www.bbc.co.uk/sport/0/football/29497521 violates this downloader constraints
INFO Thread-8 eu.leads.crawler.download.DefaultDownloader - http://www.bbc.co.uk/sport/0/golf/29498753 content length exceeded limit, stopping downloading
INFO Thread-8 eu.leads.crawler.download.DefaultDownloader - Request to http://www.bbc.co.uk/sport/0/golf/29498753 violates this downloader constraints
INFO Thread-8 eu.leads.crawler.download.DefaultDownloader - http://www.bbc.co.uk/sport/0/football/ content length exceeded limit, stopping downloading
INFO Thread-8 eu.leads.crawler.download.DefaultDownloader - Request to http://www.bbc.co.uk/sport/0/football/ violates this downloader constraints
INFO Thread-8 eu.leads.crawler.download.DefaultDownloader - http://www.bbc.co.uk/sport/0/football/29497934 content length exceeded limit, stopping downloading
INFO Thread-8 eu.leads.crawler.download.DefaultDownloader - Request to http://www.bbc.co.uk/sport/0/football/29497934 violates this downloader constraints
INFO Thread-8 eu.leads.crawler.download.DefaultDownloader - http://www.bbc.co.uk/sport/0/football/29498486 content length exceeded limit, stopping downloading
INFO Thread-8 eu.leads.crawler.download.DefaultDownloader - Request to http://www.bbc.co.uk/sport/0/football/29498486 violates this downloader constraints
INFO Thread-8 eu.leads.crawler.download.DefaultDownloader - http://www.bbc.co.uk/sport/0/football/29476562 content length exceeded limit, stopping downloading
INFO Thread-8 eu.leads.crawler.download.DefaultDownloader - Request to http://www.bbc.co.uk/sport/0/football/29476562 violates this downloader constraints
INFO Thread-8 eu.leads.crawler.PersistentCrawler - Crawled: http://www.bbc.co.uk/?dzf=sport
INFO Thread-8 eu.leads.crawler.PersistentCrawler - Crawled: http://www.bbc.co.uk/?dzf=entertainment
INFO Thread-8 eu.leads.crawler.PersistentCrawler - Crawled: http://www.bbc.co.uk/?dzf=bbcnow
INFO Thread-8 eu.leads.crawler.PersistentCrawler - Crawled: http://www.bbc.co.uk/?dzf=news
INFO Thread-8 eu.leads.crawler.PersistentCrawler - Crawled: http://www.bbc.co.uk/?dzf=lifestyle
INFO Thread-8 eu.leads.crawler.PersistentCrawler - Crawled: http://www.bbc.co.uk/?dzf=knowledge
INFO Thread-8 eu.leads.crawler.PersistentCrawler - Crawled: http://www.bbc.co.uk/terms/
INFO Thread-8 eu.leads.crawler.PersistentCrawler - Crawled: http://www.bbc.co.uk/aboutthebbc/
INFO Thread-8 eu.leads.crawler.PersistentCrawler - Crawled: http://www.bbc.co.uk/privacy/
INFO main eu.leads.crawler.CrawlerController - Stopping crawling
INFO main eu.leads.crawler.CrawlerController$CrawlerWorker - Thread-8 is joined, waiting until it stops
INFO Thread-8 eu.leads.crawler.CrawlerController$CrawlerWorker - Thread-8 finished its work
INFO main eu.leads.crawler.CrawlerController$CrawlerWorker - Thread-8 is stopped
INFO main org.infinispan.remoting.transport.jgroups.JGroupsTransport - ISPN000080: Disconnecting JGroups channel ISPN
INFO main org.infinispan.remoting.transport.jgroups.JGroupsTransport - ISPN000082: Stopping the RpcDispatcher for channel ISPN
INFO main eu.leads.processor.common.infinispan.CacheManagerFactory - Starting Clustered Infinispan Manager
INFO main org.infinispan.configuration.parsing.Parser70 - ISPN000293: Ignoring XML attribute START, please remove from configuration file
INFO main org.infinispan.configuration.parsing.Parser70 - ISPN000293: Ignoring XML attribute START, please remove from configuration file
INFO main org.infinispan.configuration.parsing.Parser70 - ISPN000293: Ignoring XML attribute START, please remove from configuration file
INFO main org.infinispan.configuration.parsing.Parser70 - ISPN000293: Ignoring XML attribute START, please remove from configuration file
INFO main org.infinispan.configuration.parsing.Parser70 - ISPN000293: Ignoring XML attribute START, please remove from configuration file
INFO main org.infinispan.configuration.parsing.Parser70 - ISPN000293: Ignoring XML attribute START, please remove from configuration file
INFO main org.infinispan.configuration.parsing.Parser70 - ISPN000293: Ignoring XML attribute START, please remove from configuration file
INFO main org.infinispan.configuration.parsing.Parser70 - ISPN000293: Ignoring XML attribute START, please remove from configuration file
WARN main org.infinispan.configuration.cache.AbstractStoreConfigurationBuilder - ISPN000149: Fetch persistent state and purge on startup are both disabled, cache may contain stale entries on startup
INFO main org.infinispan.configuration.cache.EvictionConfigurationBuilder - ISPN000152: Passivation configured without an eviction policy being selected. Only manually evicted entities will be passivated.
WARN main org.infinispan.configuration.cache.AbstractStoreConfigurationBuilder - ISPN000149: Fetch persistent state and purge on startup are both disabled, cache may contain stale entries on startup
INFO main org.infinispan.configuration.cache.EvictionConfigurationBuilder - ISPN000152: Passivation configured without an eviction policy being selected. Only manually evicted entities will be passivated.
WARN main org.infinispan.configuration.cache.AbstractStoreConfigurationBuilder - ISPN000149: Fetch persistent state and purge on startup are both disabled, cache may contain stale entries on startup
INFO main org.infinispan.configuration.cache.EvictionConfigurationBuilder - ISPN000152: Passivation configured without an eviction policy being selected. Only manually evicted entities will be passivated.
WARN main org.infinispan.configuration.cache.AbstractStoreConfigurationBuilder - ISPN000149: Fetch persistent state and purge on startup are both disabled, cache may contain stale entries on startup
WARN main org.infinispan.configuration.cache.AbstractStoreConfigurationBuilder - ISPN000149: Fetch persistent state and purge on startup are both disabled, cache may contain stale entries on startup
WARN main eu.leads.processor.common.infinispan.ClusterInfinispanManager - Configuration given for clustered is not clustered so using default cluster configuration
INFO main org.infinispan.remoting.transport.jgroups.JGroupsTransport - ISPN000078: Starting JGroups channel ISPN
WARN main org.jgroups.stack.Configurator - JGRP000014: TP.loopback has been deprecated: enabled by default
WARN main org.jgroups.protocols.MFC - The fragmentation size of the fragmentation protocol is 60000, which is greater than min_credits (40000). This can lead to blockings (https://issues.jboss.org/browse/JGRP-1659)
WARN main org.jgroups.protocols.TCP - JGRP000046: bundler_type=new has been removed; using transfer-queue
INFO main org.infinispan.remoting.transport.jgroups.JGroupsTransport - ISPN000094: Received new cluster view for channel ISPN: [leadsqueryenginetest-46701|1] (2) [leadsqueryenginetest-46701, leadsqueryenginem24-53893]
INFO main org.infinispan.remoting.transport.jgroups.JGroupsTransport - ISPN000079: Channel ISPN local address is leadsqueryenginem24-53893, physical addresses are [10.106.0.16:41081]
INFO main org.infinispan.factories.GlobalComponentRegistry - ISPN000128: Infinispan version: Infinispan 'Guinness' 7.0.0.Alpha5
WARN main eu.leads.processor.common.infinispan.ClusterInfinispanManager - Configuration given for defaultCache is not clustered so using default cluster configuration
WARN main eu.leads.processor.common.infinispan.ClusterInfinispanManager - Configuration given for processor_plugins: is not clustered so using default cluster configuration
WARN main eu.leads.processor.common.infinispan.ClusterInfinispanManager - Configuration given for active_plugins_cache: is not clustered so using default cluster configuration
WARN main eu.leads.processor.common.infinispan.ClusterInfinispanManager - Configuration given for processor_plugins: is not clustered so using default cluster configuration
WARN main eu.leads.processor.common.infinispan.ClusterInfinispanManager - Configuration given for default.webpages is not clustered so using default cluster configuration
ERROR main eu.leads.processor.conf.LQPConfiguration - File config.propertiesCould not be loaded because it does not exist neither in the working dir nor in conf/
INFO main eu.leads.crawler.PersistentCrawl - Seed : http://www.bbc.co.uk/
INFO main eu.leads.crawler.PersistentCrawl - Depth 3
INFO main eu.leads.crawler.PersistentCrawl - Number of crawler threads 1
INFO main eu.leads.crawler.PersistentCrawl - Document earler than 10 day(s)
WARN main eu.leads.processor.common.infinispan.ClusterInfinispanManager - Configuration given for default.webpages is not clustered so using default cluster configuration
INFO main eu.leads.crawler.PersistentCrawl - 0
INFO main eu.leads.crawler.CrawlerController - Starting crawling..
INFO main eu.leads.crawler.CrawlerController - Initializing crawler controller
INFO main eu.leads.crawler.CrawlerController - Initializing task queue
INFO main eu.leads.crawler.CrawlerController - Queue is overriden, setting it instead of default inner task queue
INFO main eu.leads.crawler.CrawlerController - Initializing scheduler
INFO main eu.leads.crawler.frontier.DefaultScheduler - Scheduler was successfully initialized and started
INFO main eu.leads.crawler.CrawlerController - Initializing crawler workers
INFO main eu.leads.crawler.CrawlerController$CrawlerWorker - Thread-9 set task queue
INFO main eu.leads.crawler.CrawlerController - Task queue initialized
INFO main eu.leads.crawler.CrawlerController - Crawler controller initialized
INFO main eu.leads.crawler.CrawlerController$CrawlerWorker - Thread-9 is started
INFO Thread-9 eu.leads.crawler.CrawlerController$CrawlerWorker - Thread-9 start do work loop
INFO Thread-9 eu.leads.crawler.PersistentCrawler - Crawled: http://www.bbc.co.uk/
INFO Thread-9 eu.leads.crawler.PersistentCrawler - Crawled: http://www.bbc.co.uk/
INFO Thread-9 eu.leads.crawler.PersistentCrawler - Crawled: http://www.bbc.co.uk/alba/
INFO Thread-9 eu.leads.crawler.PersistentCrawler - Crawled: http://www.bbc.co.uk/cymru/
INFO Thread-9 eu.leads.crawler.PersistentCrawler - Crawled: http://www.bbc.co.uk/
INFO Thread-9 eu.leads.crawler.PersistentCrawler - Crawled: http://www.bbc.co.uk/
INFO Thread-9 eu.leads.crawler.PersistentCrawler - Crawled: http://www.bbc.co.uk/accessibility/
INFO Thread-9 eu.leads.crawler.download.DefaultDownloader - http://www.bbc.co.uk/news/ content length exceeded limit, stopping downloading
INFO Thread-9 eu.leads.crawler.download.DefaultDownloader - Request to http://www.bbc.co.uk/news/ violates this downloader constraints
INFO Thread-9 eu.leads.crawler.download.DefaultDownloader - http://www.bbc.co.uk/weather/ content length exceeded limit, stopping downloading
INFO Thread-9 eu.leads.crawler.download.DefaultDownloader - Request to http://www.bbc.co.uk/weather/ violates this downloader constraints
INFO Thread-9 eu.leads.crawler.PersistentCrawler - Crawled: http://www.bbc.co.uk/cbbc/
INFO Thread-9 eu.leads.crawler.PersistentCrawler - Crawled: http://www.bbc.co.uk/cbeebies/
INFO Thread-9 eu.leads.crawler.PersistentCrawler - Crawled: http://www.bbc.co.uk/ww1/
INFO Thread-9 eu.leads.crawler.PersistentCrawler - Crawled: http://www.bbc.co.uk/food/
INFO Thread-9 eu.leads.crawler.PersistentCrawler - Crawled: http://www.bbc.co.uk/learning/
INFO Thread-9 eu.leads.crawler.PersistentCrawler - Crawled: http://www.bbc.co.uk/nature/
INFO Thread-9 eu.leads.crawler.PersistentCrawler - Crawled: http://www.bbc.co.uk/a-z/
INFO Thread-9 eu.leads.crawler.PersistentCrawler - Crawled: http://www.bbc.co.uk/
INFO Thread-9 eu.leads.crawler.PersistentCrawler - Crawled: http://www.bbc.co.uk/privacy/cookies/managing/cookie-settings.html
INFO Thread-9 eu.leads.crawler.PersistentCrawler - Crawled: http://www.bbc.co.uk/locator/default/desktop/en-GB?ptrt=%2F
INFO Thread-9 eu.leads.crawler.PersistentCrawler - Crawled: http://www.bbc.co.uk/
INFO Thread-9 eu.leads.crawler.download.DefaultDownloader - http://www.bbc.co.uk/weather/2643743?day=0 content length exceeded limit, stopping downloading
INFO Thread-9 eu.leads.crawler.download.DefaultDownloader - Request to http://www.bbc.co.uk/weather/2643743?day=0 violates this downloader constraints
INFO Thread-9 eu.leads.crawler.download.DefaultDownloader - http://www.bbc.co.uk/weather/2643743?day=1 content length exceeded limit, stopping downloading
INFO Thread-9 eu.leads.crawler.download.DefaultDownloader - Request to http://www.bbc.co.uk/weather/2643743?day=1 violates this downloader constraints
INFO Thread-9 eu.leads.crawler.download.DefaultDownloader - http://www.bbc.co.uk/weather/2643743?day=2 content length exceeded limit, stopping downloading
INFO Thread-9 eu.leads.crawler.download.DefaultDownloader - Request to http://www.bbc.co.uk/weather/2643743?day=2 violates this downloader constraints
INFO Thread-9 eu.leads.crawler.download.DefaultDownloader - http://www.bbc.co.uk/weather/2643743 content length exceeded limit, stopping downloading
INFO Thread-9 eu.leads.crawler.download.DefaultDownloader - Request to http://www.bbc.co.uk/weather/2643743 violates this downloader constraints
INFO Thread-9 eu.leads.crawler.download.DefaultDownloader - http://www.bbc.co.uk/news/magazine-29464446 content length exceeded limit, stopping downloading
INFO Thread-9 eu.leads.crawler.download.DefaultDownloader - Request to http://www.bbc.co.uk/news/magazine-29464446 violates this downloader constraints
INFO Thread-9 eu.leads.crawler.PersistentCrawler - Crawled: http://www.bbc.co.uk/programmes/b04jmd8d
INFO Thread-9 eu.leads.crawler.PersistentCrawler - Crawled: http://www.bbc.co.uk/programmes/b006qng8
INFO Thread-9 eu.leads.crawler.PersistentCrawler - Crawled: http://www.bbc.co.uk/news/entertainment-arts-11696404
INFO main eu.leads.crawler.CrawlerController - Stopping crawling
INFO main eu.leads.crawler.CrawlerController$CrawlerWorker - Thread-9 is joined, waiting until it stops
INFO Thread-9 eu.leads.crawler.download.DefaultDownloader - http://www.bbc.co.uk/news/uk-29492370 content length exceeded limit, stopping downloading
INFO Thread-9 eu.leads.crawler.download.DefaultDownloader - Request to http://www.bbc.co.uk/news/uk-29492370 violates this downloader constraints
INFO Thread-9 eu.leads.crawler.CrawlerController$CrawlerWorker - Thread-9 finished its work
INFO main eu.leads.crawler.CrawlerController$CrawlerWorker - Thread-9 is stopped
INFO main org.infinispan.remoting.transport.jgroups.JGroupsTransport - ISPN000080: Disconnecting JGroups channel ISPN
INFO main org.infinispan.remoting.transport.jgroups.JGroupsTransport - ISPN000082: Stopping the RpcDispatcher for channel ISPN
INFO main eu.leads.processor.common.infinispan.CacheManagerFactory - Starting Clustered Infinispan Manager
INFO main org.infinispan.configuration.parsing.Parser70 - ISPN000293: Ignoring XML attribute START, please remove from configuration file
INFO main org.infinispan.configuration.parsing.Parser70 - ISPN000293: Ignoring XML attribute START, please remove from configuration file
INFO main org.infinispan.configuration.parsing.Parser70 - ISPN000293: Ignoring XML attribute START, please remove from configuration file
INFO main org.infinispan.configuration.parsing.Parser70 - ISPN000293: Ignoring XML attribute START, please remove from configuration file
INFO main org.infinispan.configuration.parsing.Parser70 - ISPN000293: Ignoring XML attribute START, please remove from configuration file
INFO main org.infinispan.configuration.parsing.Parser70 - ISPN000293: Ignoring XML attribute START, please remove from configuration file
INFO main org.infinispan.configuration.parsing.Parser70 - ISPN000293: Ignoring XML attribute START, please remove from configuration file
INFO main org.infinispan.configuration.parsing.Parser70 - ISPN000293: Ignoring XML attribute START, please remove from configuration file
WARN main org.infinispan.configuration.cache.AbstractStoreConfigurationBuilder - ISPN000149: Fetch persistent state and purge on startup are both disabled, cache may contain stale entries on startup
INFO main org.infinispan.configuration.cache.EvictionConfigurationBuilder - ISPN000152: Passivation configured without an eviction policy being selected. Only manually evicted entities will be passivated.
WARN main org.infinispan.configuration.cache.AbstractStoreConfigurationBuilder - ISPN000149: Fetch persistent state and purge on startup are both disabled, cache may contain stale entries on startup
INFO main org.infinispan.configuration.cache.EvictionConfigurationBuilder - ISPN000152: Passivation configured without an eviction policy being selected. Only manually evicted entities will be passivated.
WARN main org.infinispan.configuration.cache.AbstractStoreConfigurationBuilder - ISPN000149: Fetch persistent state and purge on startup are both disabled, cache may contain stale entries on startup
INFO main org.infinispan.configuration.cache.EvictionConfigurationBuilder - ISPN000152: Passivation configured without an eviction policy being selected. Only manually evicted entities will be passivated.
WARN main org.infinispan.configuration.cache.AbstractStoreConfigurationBuilder - ISPN000149: Fetch persistent state and purge on startup are both disabled, cache may contain stale entries on startup
WARN main org.infinispan.configuration.cache.AbstractStoreConfigurationBuilder - ISPN000149: Fetch persistent state and purge on startup are both disabled, cache may contain stale entries on startup
WARN main eu.leads.processor.common.infinispan.ClusterInfinispanManager - Configuration given for clustered is not clustered so using default cluster configuration
INFO main org.infinispan.remoting.transport.jgroups.JGroupsTransport - ISPN000078: Starting JGroups channel ISPN
WARN main org.jgroups.stack.Configurator - JGRP000014: TP.loopback has been deprecated: enabled by default
WARN main org.jgroups.protocols.MFC - The fragmentation size of the fragmentation protocol is 60000, which is greater than min_credits (40000). This can lead to blockings (https://issues.jboss.org/browse/JGRP-1659)
WARN main org.jgroups.protocols.TCP - JGRP000046: bundler_type=new has been removed; using transfer-queue
INFO main org.infinispan.remoting.transport.jgroups.JGroupsTransport - ISPN000094: Received new cluster view for channel ISPN: [leadsqueryenginetest-61784|1] (2) [leadsqueryenginetest-61784, leadsqueryenginem24-46228]
INFO main org.infinispan.remoting.transport.jgroups.JGroupsTransport - ISPN000079: Channel ISPN local address is leadsqueryenginem24-46228, physical addresses are [10.106.0.16:57103]
INFO main org.infinispan.factories.GlobalComponentRegistry - ISPN000128: Infinispan version: Infinispan 'Guinness' 7.0.0.Alpha5
WARN main eu.leads.processor.common.infinispan.ClusterInfinispanManager - Configuration given for defaultCache is not clustered so using default cluster configuration
WARN main eu.leads.processor.common.infinispan.ClusterInfinispanManager - Configuration given for processor_plugins: is not clustered so using default cluster configuration
WARN main eu.leads.processor.common.infinispan.ClusterInfinispanManager - Configuration given for active_plugins_cache: is not clustered so using default cluster configuration
WARN main eu.leads.processor.common.infinispan.ClusterInfinispanManager - Configuration given for processor_plugins: is not clustered so using default cluster configuration
WARN main eu.leads.processor.common.infinispan.ClusterInfinispanManager - Configuration given for default.webpages is not clustered so using default cluster configuration
ERROR main eu.leads.processor.conf.LQPConfiguration - File config.propertiesCould not be loaded because it does not exist neither in the working dir nor in conf/
INFO main eu.leads.crawler.PersistentCrawl - Seed : http://www.bbc.co.uk/
INFO main eu.leads.crawler.PersistentCrawl - Depth 3
INFO main eu.leads.crawler.PersistentCrawl - Number of crawler threads 1
INFO main eu.leads.crawler.PersistentCrawl - Document earler than 10 day(s)
WARN main eu.leads.processor.common.infinispan.ClusterInfinispanManager - Configuration given for default.webpages is not clustered so using default cluster configuration
INFO main eu.leads.crawler.PersistentCrawl - 0
INFO main eu.leads.crawler.CrawlerController - Starting crawling..
INFO main eu.leads.crawler.CrawlerController - Initializing crawler controller
INFO main eu.leads.crawler.CrawlerController - Initializing task queue
INFO main eu.leads.crawler.CrawlerController - Queue is overriden, setting it instead of default inner task queue
INFO main eu.leads.crawler.CrawlerController - Initializing scheduler
INFO main eu.leads.crawler.frontier.DefaultScheduler - Scheduler was successfully initialized and started
INFO main eu.leads.crawler.CrawlerController - Initializing crawler workers
INFO main eu.leads.crawler.CrawlerController$CrawlerWorker - Thread-15 set task queue
INFO main eu.leads.crawler.CrawlerController - Task queue initialized
INFO main eu.leads.crawler.CrawlerController - Crawler controller initialized
INFO main eu.leads.crawler.CrawlerController$CrawlerWorker - Thread-15 is started
INFO Thread-15 eu.leads.crawler.CrawlerController$CrawlerWorker - Thread-15 start do work loop
INFO Thread-15 eu.leads.crawler.PersistentCrawler - Crawled: http://www.bbc.co.uk/
INFO Thread-15 eu.leads.crawler.PersistentCrawler - Crawled: http://www.bbc.co.uk/
INFO Thread-15 eu.leads.crawler.PersistentCrawler - Crawled: http://www.bbc.co.uk/alba/
INFO Thread-15 eu.leads.crawler.PersistentCrawler - Crawled: http://www.bbc.co.uk/cymru/
INFO Thread-15 eu.leads.crawler.PersistentCrawler - Crawled: http://www.bbc.co.uk/
INFO Thread-15 eu.leads.crawler.PersistentCrawler - Crawled: http://www.bbc.co.uk/
INFO Thread-15 eu.leads.crawler.PersistentCrawler - Crawled: http://www.bbc.co.uk/accessibility/
INFO Thread-15 eu.leads.crawler.download.DefaultDownloader - http://www.bbc.co.uk/news/ content length exceeded limit, stopping downloading
INFO Thread-15 eu.leads.crawler.download.DefaultDownloader - Request to http://www.bbc.co.uk/news/ violates this downloader constraints
INFO Thread-15 eu.leads.crawler.download.DefaultDownloader - http://www.bbc.co.uk/weather/ content length exceeded limit, stopping downloading
INFO Thread-15 eu.leads.crawler.download.DefaultDownloader - Request to http://www.bbc.co.uk/weather/ violates this downloader constraints
INFO Thread-15 eu.leads.crawler.PersistentCrawler - Crawled: http://www.bbc.co.uk/cbbc/
INFO Thread-15 eu.leads.crawler.PersistentCrawler - Crawled: http://www.bbc.co.uk/cbeebies/
INFO Thread-15 eu.leads.crawler.PersistentCrawler - Crawled: http://www.bbc.co.uk/ww1/
INFO Thread-15 eu.leads.crawler.PersistentCrawler - Crawled: http://www.bbc.co.uk/food/
INFO Thread-15 eu.leads.crawler.PersistentCrawler - Crawled: http://www.bbc.co.uk/learning/
INFO Thread-15 eu.leads.crawler.PersistentCrawler - Crawled: http://www.bbc.co.uk/nature/
INFO Thread-15 eu.leads.crawler.PersistentCrawler - Crawled: http://www.bbc.co.uk/a-z/
INFO Thread-15 eu.leads.crawler.PersistentCrawler - Crawled: http://www.bbc.co.uk/
INFO Thread-15 eu.leads.crawler.PersistentCrawler - Crawled: http://www.bbc.co.uk/privacy/cookies/managing/cookie-settings.html
INFO Thread-15 eu.leads.crawler.PersistentCrawler - Crawled: http://www.bbc.co.uk/locator/default/desktop/en-GB?ptrt=%2F
INFO Thread-15 eu.leads.crawler.PersistentCrawler - Crawled: http://www.bbc.co.uk/
INFO Thread-15 eu.leads.crawler.download.DefaultDownloader - http://www.bbc.co.uk/weather/2643743?day=0 content length exceeded limit, stopping downloading
INFO Thread-15 eu.leads.crawler.download.DefaultDownloader - Request to http://www.bbc.co.uk/weather/2643743?day=0 violates this downloader constraints
INFO Thread-15 eu.leads.crawler.download.DefaultDownloader - http://www.bbc.co.uk/weather/2643743?day=1 content length exceeded limit, stopping downloading
INFO Thread-15 eu.leads.crawler.download.DefaultDownloader - Request to http://www.bbc.co.uk/weather/2643743?day=1 violates this downloader constraints
INFO Thread-15 eu.leads.crawler.download.DefaultDownloader - http://www.bbc.co.uk/weather/2643743?day=2 content length exceeded limit, stopping downloading
INFO Thread-15 eu.leads.crawler.download.DefaultDownloader - Request to http://www.bbc.co.uk/weather/2643743?day=2 violates this downloader constraints
INFO Thread-15 eu.leads.crawler.download.DefaultDownloader - http://www.bbc.co.uk/weather/2643743 content length exceeded limit, stopping downloading
INFO Thread-15 eu.leads.crawler.download.DefaultDownloader - Request to http://www.bbc.co.uk/weather/2643743 violates this downloader constraints
INFO Thread-15 eu.leads.crawler.download.DefaultDownloader - http://www.bbc.co.uk/news/magazine-29464446 content length exceeded limit, stopping downloading
INFO Thread-15 eu.leads.crawler.download.DefaultDownloader - Request to http://www.bbc.co.uk/news/magazine-29464446 violates this downloader constraints
INFO Thread-15 eu.leads.crawler.PersistentCrawler - Crawled: http://www.bbc.co.uk/programmes/b04jmd8d
INFO Thread-15 eu.leads.crawler.PersistentCrawler - Crawled: http://www.bbc.co.uk/programmes/b006qng8
INFO Thread-15 eu.leads.crawler.PersistentCrawler - Crawled: http://www.bbc.co.uk/news/entertainment-arts-11696404
INFO Thread-15 eu.leads.crawler.download.DefaultDownloader - http://www.bbc.co.uk/news/uk-29492370 content length exceeded limit, stopping downloading
INFO Thread-15 eu.leads.crawler.download.DefaultDownloader - Request to http://www.bbc.co.uk/news/uk-29492370 violates this downloader constraints
INFO Thread-15 eu.leads.crawler.download.DefaultDownloader - http://www.bbc.co.uk/news/uk-29494922 content length exceeded limit, stopping downloading
INFO Thread-15 eu.leads.crawler.download.DefaultDownloader - Request to http://www.bbc.co.uk/news/uk-29494922 violates this downloader constraints
INFO Thread-15 eu.leads.crawler.download.DefaultDownloader - http://www.bbc.co.uk/news/uk-england-leicestershire-29501646 content length exceeded limit, stopping downloading
INFO Thread-15 eu.leads.crawler.download.DefaultDownloader - Request to http://www.bbc.co.uk/news/uk-england-leicestershire-29501646 violates this downloader constraints
INFO Thread-15 eu.leads.crawler.download.DefaultDownloader - http://www.bbc.co.uk/news/uk-england-bristol-29476713 content length exceeded limit, stopping downloading
INFO Thread-15 eu.leads.crawler.download.DefaultDownloader - Request to http://www.bbc.co.uk/news/uk-england-bristol-29476713 violates this downloader constraints
INFO Thread-15 eu.leads.crawler.download.DefaultDownloader - http://www.bbc.co.uk/sport/0/formula1/29499545 content length exceeded limit, stopping downloading
INFO Thread-15 eu.leads.crawler.download.DefaultDownloader - Request to http://www.bbc.co.uk/sport/0/formula1/29499545 violates this downloader constraints
INFO Thread-15 eu.leads.crawler.download.DefaultDownloader - http://www.bbc.co.uk/news/england/london/ content length exceeded limit, stopping downloading
INFO Thread-15 eu.leads.crawler.download.DefaultDownloader - Request to http://www.bbc.co.uk/news/england/london/ violates this downloader constraints
INFO Thread-15 eu.leads.crawler.download.DefaultDownloader - http://www.bbc.co.uk/news/uk-england-london-29501650 content length exceeded limit, stopping downloading
INFO Thread-15 eu.leads.crawler.download.DefaultDownloader - Request to http://www.bbc.co.uk/news/uk-england-london-29501650 violates this downloader constraints
INFO Thread-15 eu.leads.crawler.download.DefaultDownloader - http://www.bbc.co.uk/news/uk-england-london-29501587 content length exceeded limit, stopping downloading
INFO Thread-15 eu.leads.crawler.download.DefaultDownloader - Request to http://www.bbc.co.uk/news/uk-england-london-29501587 violates this downloader constraints
INFO Thread-15 eu.leads.crawler.download.DefaultDownloader - http://www.bbc.co.uk/news/uk-england-london-29496154 content length exceeded limit, stopping downloading
INFO Thread-15 eu.leads.crawler.download.DefaultDownloader - Request to http://www.bbc.co.uk/news/uk-england-london-29496154 violates this downloader constraints
INFO Thread-15 eu.leads.crawler.download.DefaultDownloader - http://www.bbc.co.uk/sport/0/football/29500091 content length exceeded limit, stopping downloading
INFO Thread-15 eu.leads.crawler.download.DefaultDownloader - Request to http://www.bbc.co.uk/sport/0/football/29500091 violates this downloader constraints
INFO Thread-15 eu.leads.crawler.download.DefaultDownloader - http://www.bbc.co.uk/sport/0/ content length exceeded limit, stopping downloading
INFO Thread-15 eu.leads.crawler.download.DefaultDownloader - Request to http://www.bbc.co.uk/sport/0/ violates this downloader constraints
INFO Thread-15 eu.leads.crawler.download.DefaultDownloader - http://www.bbc.co.uk/sport/0/cricket/29500839 content length exceeded limit, stopping downloading
INFO Thread-15 eu.leads.crawler.download.DefaultDownloader - Request to http://www.bbc.co.uk/sport/0/cricket/29500839 violates this downloader constraints
INFO Thread-15 eu.leads.crawler.download.DefaultDownloader - http://www.bbc.co.uk/sport/0/formula1/29497692 content length exceeded limit, stopping downloading
INFO Thread-15 eu.leads.crawler.download.DefaultDownloader - Request to http://www.bbc.co.uk/sport/0/formula1/29497692 violates this downloader constraints
INFO Thread-15 eu.leads.crawler.download.DefaultDownloader - http://www.bbc.co.uk/sport/0/football/29497521 content length exceeded limit, stopping downloading
INFO Thread-15 eu.leads.crawler.download.DefaultDownloader - Request to http://www.bbc.co.uk/sport/0/football/29497521 violates this downloader constraints
INFO Thread-15 eu.leads.crawler.download.DefaultDownloader - http://www.bbc.co.uk/sport/0/golf/29498753 content length exceeded limit, stopping downloading
INFO Thread-15 eu.leads.crawler.download.DefaultDownloader - Request to http://www.bbc.co.uk/sport/0/golf/29498753 violates this downloader constraints
INFO Thread-15 eu.leads.crawler.download.DefaultDownloader - http://www.bbc.co.uk/sport/0/football/ content length exceeded limit, stopping downloading
INFO Thread-15 eu.leads.crawler.download.DefaultDownloader - Request to http://www.bbc.co.uk/sport/0/football/ violates this downloader constraints
INFO Thread-15 eu.leads.crawler.download.DefaultDownloader - http://www.bbc.co.uk/sport/0/football/29497934 content length exceeded limit, stopping downloading
INFO Thread-15 eu.leads.crawler.download.DefaultDownloader - Request to http://www.bbc.co.uk/sport/0/football/29497934 violates this downloader constraints
INFO Thread-15 eu.leads.crawler.download.DefaultDownloader - http://www.bbc.co.uk/sport/0/football/29498486 content length exceeded limit, stopping downloading
INFO Thread-15 eu.leads.crawler.download.DefaultDownloader - Request to http://www.bbc.co.uk/sport/0/football/29498486 violates this downloader constraints
INFO Thread-15 eu.leads.crawler.download.DefaultDownloader - http://www.bbc.co.uk/sport/0/football/29476562 content length exceeded limit, stopping downloading
INFO Thread-15 eu.leads.crawler.download.DefaultDownloader - Request to http://www.bbc.co.uk/sport/0/football/29476562 violates this downloader constraints
INFO Thread-15 eu.leads.crawler.PersistentCrawler - Crawled: http://www.bbc.co.uk/?dzf=sport
INFO Thread-15 eu.leads.crawler.PersistentCrawler - Crawled: http://www.bbc.co.uk/?dzf=entertainment
INFO Thread-15 eu.leads.crawler.PersistentCrawler - Crawled: http://www.bbc.co.uk/?dzf=bbcnow
INFO Thread-15 eu.leads.crawler.PersistentCrawler - Crawled: http://www.bbc.co.uk/?dzf=news
INFO Thread-15 eu.leads.crawler.PersistentCrawler - Crawled: http://www.bbc.co.uk/?dzf=lifestyle
INFO Thread-15 eu.leads.crawler.PersistentCrawler - Crawled: http://www.bbc.co.uk/?dzf=knowledge
INFO Incoming-1,leadsqueryenginem24-46228 org.infinispan.remoting.transport.jgroups.JGroupsTransport - ISPN000094: Received new cluster view for channel ISPN: [leadsqueryenginem24-46228|2] (1) [leadsqueryenginem24-46228]
INFO Thread-15 eu.leads.crawler.PersistentCrawler - Crawled: http://www.bbc.co.uk/terms/
INFO Thread-15 eu.leads.crawler.PersistentCrawler - Crawled: http://www.bbc.co.uk/aboutthebbc/
INFO Thread-15 eu.leads.crawler.PersistentCrawler - Crawled: http://www.bbc.co.uk/privacy/
INFO main eu.leads.crawler.CrawlerController - Stopping crawling
INFO main eu.leads.crawler.CrawlerController$CrawlerWorker - Thread-15 is joined, waiting until it stops
INFO Thread-15 eu.leads.crawler.CrawlerController$CrawlerWorker - Thread-15 finished its work
INFO main eu.leads.crawler.CrawlerController$CrawlerWorker - Thread-15 is stopped
INFO main org.infinispan.remoting.transport.jgroups.JGroupsTransport - ISPN000080: Disconnecting JGroups channel ISPN
INFO main org.infinispan.remoting.transport.jgroups.JGroupsTransport - ISPN000082: Stopping the RpcDispatcher for channel ISPN
INFO main eu.leads.processor.common.infinispan.CacheManagerFactory - Starting Clustered Infinispan Manager
INFO main org.infinispan.configuration.parsing.Parser70 - ISPN000293: Ignoring XML attribute START, please remove from configuration file
INFO main org.infinispan.configuration.parsing.Parser70 - ISPN000293: Ignoring XML attribute START, please remove from configuration file
INFO main org.infinispan.configuration.parsing.Parser70 - ISPN000293: Ignoring XML attribute START, please remove from configuration file
INFO main org.infinispan.configuration.parsing.Parser70 - ISPN000293: Ignoring XML attribute START, please remove from configuration file
INFO main org.infinispan.configuration.parsing.Parser70 - ISPN000293: Ignoring XML attribute START, please remove from configuration file
INFO main org.infinispan.configuration.parsing.Parser70 - ISPN000293: Ignoring XML attribute START, please remove from configuration file
INFO main org.infinispan.configuration.parsing.Parser70 - ISPN000293: Ignoring XML attribute START, please remove from configuration file
INFO main org.infinispan.configuration.parsing.Parser70 - ISPN000293: Ignoring XML attribute START, please remove from configuration file
WARN main org.infinispan.configuration.cache.AbstractStoreConfigurationBuilder - ISPN000149: Fetch persistent state and purge on startup are both disabled, cache may contain stale entries on startup
INFO main org.infinispan.configuration.cache.EvictionConfigurationBuilder - ISPN000152: Passivation configured without an eviction policy being selected. Only manually evicted entities will be passivated.
WARN main org.infinispan.configuration.cache.AbstractStoreConfigurationBuilder - ISPN000149: Fetch persistent state and purge on startup are both disabled, cache may contain stale entries on startup
INFO main org.infinispan.configuration.cache.EvictionConfigurationBuilder - ISPN000152: Passivation configured without an eviction policy being selected. Only manually evicted entities will be passivated.
WARN main org.infinispan.configuration.cache.AbstractStoreConfigurationBuilder - ISPN000149: Fetch persistent state and purge on startup are both disabled, cache may contain stale entries on startup
INFO main org.infinispan.configuration.cache.EvictionConfigurationBuilder - ISPN000152: Passivation configured without an eviction policy being selected. Only manually evicted entities will be passivated.
WARN main org.infinispan.configuration.cache.AbstractStoreConfigurationBuilder - ISPN000149: Fetch persistent state and purge on startup are both disabled, cache may contain stale entries on startup
WARN main org.infinispan.configuration.cache.AbstractStoreConfigurationBuilder - ISPN000149: Fetch persistent state and purge on startup are both disabled, cache may contain stale entries on startup
WARN main eu.leads.processor.common.infinispan.ClusterInfinispanManager - Configuration given for clustered is not clustered so using default cluster configuration
INFO main org.infinispan.remoting.transport.jgroups.JGroupsTransport - ISPN000078: Starting JGroups channel ISPN
WARN main org.jgroups.stack.Configurator - JGRP000014: TP.loopback has been deprecated: enabled by default
WARN main org.jgroups.protocols.MFC - The fragmentation size of the fragmentation protocol is 60000, which is greater than min_credits (40000). This can lead to blockings (https://issues.jboss.org/browse/JGRP-1659)
WARN main org.jgroups.protocols.TCP - JGRP000046: bundler_type=new has been removed; using transfer-queue
INFO main org.infinispan.remoting.transport.jgroups.JGroupsTransport - ISPN000094: Received new cluster view for channel ISPN: [leadsqueryenginetest-38388|1] (2) [leadsqueryenginetest-38388, leadsqueryenginem24-58310]
INFO main org.infinispan.remoting.transport.jgroups.JGroupsTransport - ISPN000079: Channel ISPN local address is leadsqueryenginem24-58310, physical addresses are [10.106.0.16:45319]
INFO main org.infinispan.factories.GlobalComponentRegistry - ISPN000128: Infinispan version: Infinispan 'Guinness' 7.0.0.Alpha5
WARN main eu.leads.processor.common.infinispan.ClusterInfinispanManager - Configuration given for defaultCache is not clustered so using default cluster configuration
WARN main eu.leads.processor.common.infinispan.ClusterInfinispanManager - Configuration given for processor_plugins: is not clustered so using default cluster configuration
WARN main eu.leads.processor.common.infinispan.ClusterInfinispanManager - Configuration given for active_plugins_cache: is not clustered so using default cluster configuration
WARN main eu.leads.processor.common.infinispan.ClusterInfinispanManager - Configuration given for processor_plugins: is not clustered so using default cluster configuration
WARN main eu.leads.processor.common.infinispan.ClusterInfinispanManager - Configuration given for default.webpages is not clustered so using default cluster configuration
ERROR main eu.leads.processor.conf.LQPConfiguration - File config.propertiesCould not be loaded because it does not exist neither in the working dir nor in conf/
INFO main eu.leads.crawler.PersistentCrawl - Seed : http://www.bbc.co.uk/
INFO main eu.leads.crawler.PersistentCrawl - Depth 3
INFO main eu.leads.crawler.PersistentCrawl - Number of crawler threads 1
INFO main eu.leads.crawler.PersistentCrawl - Document earler than 10 day(s)
WARN main eu.leads.processor.common.infinispan.ClusterInfinispanManager - Configuration given for default.webpages is not clustered so using default cluster configuration
INFO main eu.leads.crawler.PersistentCrawl - 0
INFO main eu.leads.crawler.CrawlerController - Starting crawling..
INFO main eu.leads.crawler.CrawlerController - Initializing crawler controller
INFO main eu.leads.crawler.CrawlerController - Initializing task queue
INFO main eu.leads.crawler.CrawlerController - Queue is overriden, setting it instead of default inner task queue
INFO main eu.leads.crawler.CrawlerController - Initializing scheduler
INFO main eu.leads.crawler.frontier.DefaultScheduler - Scheduler was successfully initialized and started
INFO main eu.leads.crawler.CrawlerController - Initializing crawler workers
INFO main eu.leads.crawler.CrawlerController$CrawlerWorker - Thread-9 set task queue
INFO main eu.leads.crawler.CrawlerController - Task queue initialized
INFO main eu.leads.crawler.CrawlerController - Crawler controller initialized
INFO main eu.leads.crawler.CrawlerController$CrawlerWorker - Thread-9 is started
INFO Thread-9 eu.leads.crawler.CrawlerController$CrawlerWorker - Thread-9 start do work loop
INFO Thread-9 eu.leads.crawler.PersistentCrawler - Crawled: http://www.bbc.co.uk/
INFO Thread-9 eu.leads.crawler.PersistentCrawler - Crawled: http://www.bbc.co.uk/
INFO Thread-9 eu.leads.crawler.PersistentCrawler - Crawled: http://www.bbc.co.uk/alba/
INFO Thread-9 eu.leads.crawler.PersistentCrawler - Crawled: http://www.bbc.co.uk/cymru/
INFO Thread-9 eu.leads.crawler.PersistentCrawler - Crawled: http://www.bbc.co.uk/
INFO Thread-9 eu.leads.crawler.PersistentCrawler - Crawled: http://www.bbc.co.uk/
INFO Thread-9 eu.leads.crawler.PersistentCrawler - Crawled: http://www.bbc.co.uk/accessibility/
INFO Thread-9 eu.leads.crawler.download.DefaultDownloader - http://www.bbc.co.uk/news/ content length exceeded limit, stopping downloading
INFO Thread-9 eu.leads.crawler.download.DefaultDownloader - Request to http://www.bbc.co.uk/news/ violates this downloader constraints
INFO Thread-9 eu.leads.crawler.download.DefaultDownloader - http://www.bbc.co.uk/weather/ content length exceeded limit, stopping downloading
INFO Thread-9 eu.leads.crawler.download.DefaultDownloader - Request to http://www.bbc.co.uk/weather/ violates this downloader constraints
INFO Thread-9 eu.leads.crawler.PersistentCrawler - Crawled: http://www.bbc.co.uk/cbbc/
INFO Thread-9 eu.leads.crawler.PersistentCrawler - Crawled: http://www.bbc.co.uk/cbeebies/
INFO Thread-9 eu.leads.crawler.PersistentCrawler - Crawled: http://www.bbc.co.uk/ww1/
INFO Incoming-1,leadsqueryenginem24-58310 org.infinispan.remoting.transport.jgroups.JGroupsTransport - ISPN000094: Received new cluster view for channel ISPN: [leadsqueryenginem24-58310|2] (1) [leadsqueryenginem24-58310]
INFO main eu.leads.crawler.CrawlerController - Stopping crawling
INFO main eu.leads.crawler.CrawlerController$CrawlerWorker - Thread-9 is joined, waiting until it stops
INFO Thread-9 eu.leads.crawler.PersistentCrawler - Crawled: http://www.bbc.co.uk/food/
INFO Thread-9 eu.leads.crawler.CrawlerController$CrawlerWorker - Thread-9 finished its work
INFO main eu.leads.crawler.CrawlerController$CrawlerWorker - Thread-9 is stopped
INFO main org.infinispan.remoting.transport.jgroups.JGroupsTransport - ISPN000080: Disconnecting JGroups channel ISPN
INFO main org.infinispan.remoting.transport.jgroups.JGroupsTransport - ISPN000082: Stopping the RpcDispatcher for channel ISPN
INFO main eu.leads.processor.common.infinispan.CacheManagerFactory - Starting Clustered Infinispan Manager
INFO main org.infinispan.configuration.parsing.Parser70 - ISPN000293: Ignoring XML attribute START, please remove from configuration file
INFO main org.infinispan.configuration.parsing.Parser70 - ISPN000293: Ignoring XML attribute START, please remove from configuration file
INFO main org.infinispan.configuration.parsing.Parser70 - ISPN000293: Ignoring XML attribute START, please remove from configuration file
INFO main org.infinispan.configuration.parsing.Parser70 - ISPN000293: Ignoring XML attribute START, please remove from configuration file
INFO main org.infinispan.configuration.parsing.Parser70 - ISPN000293: Ignoring XML attribute START, please remove from configuration file
INFO main org.infinispan.configuration.parsing.Parser70 - ISPN000293: Ignoring XML attribute START, please remove from configuration file
INFO main org.infinispan.configuration.parsing.Parser70 - ISPN000293: Ignoring XML attribute START, please remove from configuration file
INFO main org.infinispan.configuration.parsing.Parser70 - ISPN000293: Ignoring XML attribute START, please remove from configuration file
WARN main org.infinispan.configuration.cache.AbstractStoreConfigurationBuilder - ISPN000149: Fetch persistent state and purge on startup are both disabled, cache may contain stale entries on startup
INFO main org.infinispan.configuration.cache.EvictionConfigurationBuilder - ISPN000152: Passivation configured without an eviction policy being selected. Only manually evicted entities will be passivated.
WARN main org.infinispan.configuration.cache.AbstractStoreConfigurationBuilder - ISPN000149: Fetch persistent state and purge on startup are both disabled, cache may contain stale entries on startup
INFO main org.infinispan.configuration.cache.EvictionConfigurationBuilder - ISPN000152: Passivation configured without an eviction policy being selected. Only manually evicted entities will be passivated.
WARN main org.infinispan.configuration.cache.AbstractStoreConfigurationBuilder - ISPN000149: Fetch persistent state and purge on startup are both disabled, cache may contain stale entries on startup
INFO main org.infinispan.configuration.cache.EvictionConfigurationBuilder - ISPN000152: Passivation configured without an eviction policy being selected. Only manually evicted entities will be passivated.
WARN main org.infinispan.configuration.cache.AbstractStoreConfigurationBuilder - ISPN000149: Fetch persistent state and purge on startup are both disabled, cache may contain stale entries on startup
WARN main org.infinispan.configuration.cache.AbstractStoreConfigurationBuilder - ISPN000149: Fetch persistent state and purge on startup are both disabled, cache may contain stale entries on startup
WARN main eu.leads.processor.common.infinispan.ClusterInfinispanManager - Configuration given for clustered is not clustered so using default cluster configuration
INFO main org.infinispan.remoting.transport.jgroups.JGroupsTransport - ISPN000078: Starting JGroups channel ISPN
WARN main org.jgroups.stack.Configurator - JGRP000014: TP.loopback has been deprecated: enabled by default
WARN main org.jgroups.protocols.MFC - The fragmentation size of the fragmentation protocol is 60000, which is greater than min_credits (40000). This can lead to blockings (https://issues.jboss.org/browse/JGRP-1659)
WARN main org.jgroups.protocols.TCP - JGRP000046: bundler_type=new has been removed; using transfer-queue
INFO main org.infinispan.remoting.transport.jgroups.JGroupsTransport - ISPN000094: Received new cluster view for channel ISPN: [leadsqueryenginetest-42793|1] (2) [leadsqueryenginetest-42793, leadsqueryenginem24-47354]
INFO main org.infinispan.remoting.transport.jgroups.JGroupsTransport - ISPN000079: Channel ISPN local address is leadsqueryenginem24-47354, physical addresses are [10.106.0.16:50693]
INFO main org.infinispan.factories.GlobalComponentRegistry - ISPN000128: Infinispan version: Infinispan 'Guinness' 7.0.0.Alpha5
WARN main eu.leads.processor.common.infinispan.ClusterInfinispanManager - Configuration given for defaultCache is not clustered so using default cluster configuration
WARN main eu.leads.processor.common.infinispan.ClusterInfinispanManager - Configuration given for processor_plugins: is not clustered so using default cluster configuration
WARN main eu.leads.processor.common.infinispan.ClusterInfinispanManager - Configuration given for active_plugins_cache: is not clustered so using default cluster configuration
WARN main eu.leads.processor.common.infinispan.ClusterInfinispanManager - Configuration given for processor_plugins: is not clustered so using default cluster configuration
WARN main eu.leads.processor.common.infinispan.ClusterInfinispanManager - Configuration given for default.webpages is not clustered so using default cluster configuration
ERROR main eu.leads.processor.conf.LQPConfiguration - File config.propertiesCould not be loaded because it does not exist neither in the working dir nor in conf/
INFO main eu.leads.crawler.PersistentCrawl - Seed : http://www.bbc.co.uk/
INFO main eu.leads.crawler.PersistentCrawl - Depth 3
INFO main eu.leads.crawler.PersistentCrawl - Number of crawler threads 1
INFO main eu.leads.crawler.PersistentCrawl - Document earler than 10 day(s)
WARN main eu.leads.processor.common.infinispan.ClusterInfinispanManager - Configuration given for default.webpages is not clustered so using default cluster configuration
INFO main eu.leads.crawler.PersistentCrawl - 0
INFO main eu.leads.crawler.CrawlerController - Starting crawling..
INFO main eu.leads.crawler.CrawlerController - Initializing crawler controller
INFO main eu.leads.crawler.CrawlerController - Initializing task queue
INFO main eu.leads.crawler.CrawlerController - Queue is overriden, setting it instead of default inner task queue
INFO main eu.leads.crawler.CrawlerController - Initializing scheduler
INFO main eu.leads.crawler.frontier.DefaultScheduler - Scheduler was successfully initialized and started
INFO main eu.leads.crawler.CrawlerController - Initializing crawler workers
INFO main eu.leads.crawler.CrawlerController$CrawlerWorker - Thread-9 set task queue
INFO main eu.leads.crawler.CrawlerController - Task queue initialized
INFO main eu.leads.crawler.CrawlerController - Crawler controller initialized
INFO main eu.leads.crawler.CrawlerController$CrawlerWorker - Thread-9 is started
INFO Thread-9 eu.leads.crawler.CrawlerController$CrawlerWorker - Thread-9 start do work loop
INFO Thread-9 eu.leads.crawler.PersistentCrawler - Crawled: http://www.bbc.co.uk/
INFO Thread-9 eu.leads.crawler.PersistentCrawler - Crawled: http://www.bbc.co.uk/
INFO Thread-9 eu.leads.crawler.PersistentCrawler - Crawled: http://www.bbc.co.uk/alba/
INFO Thread-9 eu.leads.crawler.PersistentCrawler - Crawled: http://www.bbc.co.uk/cymru/
INFO Thread-9 eu.leads.crawler.PersistentCrawler - Crawled: http://www.bbc.co.uk/
INFO Thread-9 eu.leads.crawler.PersistentCrawler - Crawled: http://www.bbc.co.uk/
INFO Thread-9 eu.leads.crawler.PersistentCrawler - Crawled: http://www.bbc.co.uk/accessibility/
INFO Thread-9 eu.leads.crawler.download.DefaultDownloader - http://www.bbc.co.uk/news/ content length exceeded limit, stopping downloading
INFO Thread-9 eu.leads.crawler.download.DefaultDownloader - Request to http://www.bbc.co.uk/news/ violates this downloader constraints
INFO Thread-9 eu.leads.crawler.download.DefaultDownloader - http://www.bbc.co.uk/weather/ content length exceeded limit, stopping downloading
INFO Thread-9 eu.leads.crawler.download.DefaultDownloader - Request to http://www.bbc.co.uk/weather/ violates this downloader constraints
INFO Thread-9 eu.leads.crawler.PersistentCrawler - Crawled: http://www.bbc.co.uk/cbbc/
INFO Thread-9 eu.leads.crawler.PersistentCrawler - Crawled: http://www.bbc.co.uk/cbeebies/
INFO Thread-9 eu.leads.crawler.PersistentCrawler - Crawled: http://www.bbc.co.uk/ww1/
INFO Thread-9 eu.leads.crawler.PersistentCrawler - Crawled: http://www.bbc.co.uk/food/
INFO Thread-9 eu.leads.crawler.PersistentCrawler - Crawled: http://www.bbc.co.uk/learning/
INFO Thread-9 eu.leads.crawler.PersistentCrawler - Crawled: http://www.bbc.co.uk/nature/
INFO Thread-9 eu.leads.crawler.PersistentCrawler - Crawled: http://www.bbc.co.uk/a-z/
INFO Thread-9 eu.leads.crawler.PersistentCrawler - Crawled: http://www.bbc.co.uk/
INFO Thread-9 eu.leads.crawler.PersistentCrawler - Crawled: http://www.bbc.co.uk/privacy/cookies/managing/cookie-settings.html
INFO Thread-9 eu.leads.crawler.PersistentCrawler - Crawled: http://www.bbc.co.uk/locator/default/desktop/en-GB?ptrt=%2F
INFO Thread-9 eu.leads.crawler.PersistentCrawler - Crawled: http://www.bbc.co.uk/
INFO Thread-9 eu.leads.crawler.download.DefaultDownloader - http://www.bbc.co.uk/weather/2643743?day=0 content length exceeded limit, stopping downloading
INFO Thread-9 eu.leads.crawler.download.DefaultDownloader - Request to http://www.bbc.co.uk/weather/2643743?day=0 violates this downloader constraints
INFO Thread-9 eu.leads.crawler.download.DefaultDownloader - http://www.bbc.co.uk/weather/2643743?day=1 content length exceeded limit, stopping downloading
INFO Thread-9 eu.leads.crawler.download.DefaultDownloader - Request to http://www.bbc.co.uk/weather/2643743?day=1 violates this downloader constraints
INFO Thread-9 eu.leads.crawler.download.DefaultDownloader - http://www.bbc.co.uk/weather/2643743?day=2 content length exceeded limit, stopping downloading
INFO Thread-9 eu.leads.crawler.download.DefaultDownloader - Request to http://www.bbc.co.uk/weather/2643743?day=2 violates this downloader constraints
INFO Thread-9 eu.leads.crawler.download.DefaultDownloader - http://www.bbc.co.uk/weather/2643743 content length exceeded limit, stopping downloading
INFO Thread-9 eu.leads.crawler.download.DefaultDownloader - Request to http://www.bbc.co.uk/weather/2643743 violates this downloader constraints
INFO Thread-9 eu.leads.crawler.download.DefaultDownloader - http://www.bbc.co.uk/news/magazine-29464446 content length exceeded limit, stopping downloading
INFO Thread-9 eu.leads.crawler.download.DefaultDownloader - Request to http://www.bbc.co.uk/news/magazine-29464446 violates this downloader constraints
INFO Thread-9 eu.leads.crawler.PersistentCrawler - Crawled: http://www.bbc.co.uk/programmes/b04jmd8d
INFO main eu.leads.crawler.CrawlerController - Stopping crawling
INFO main eu.leads.crawler.CrawlerController$CrawlerWorker - Thread-9 is joined, waiting until it stops
INFO Thread-9 eu.leads.crawler.CrawlerController$CrawlerWorker - Thread-9 finished its work
INFO main eu.leads.crawler.CrawlerController$CrawlerWorker - Thread-9 is stopped
INFO main org.infinispan.remoting.transport.jgroups.JGroupsTransport - ISPN000080: Disconnecting JGroups channel ISPN
INFO main org.infinispan.remoting.transport.jgroups.JGroupsTransport - ISPN000082: Stopping the RpcDispatcher for channel ISPN
INFO main eu.leads.processor.conf.LQPConfiguration - HOST:  leadsqueryenginem24 IP 10.106.0.16 BRCD 10.106.255.255
INFO main eu.leads.processor.common.infinispan.CacheManagerFactory - Starting Clustered Infinispan Manager
INFO main org.infinispan.configuration.parsing.Parser70 - ISPN000293: Ignoring XML attribute START, please remove from configuration file
INFO main org.infinispan.configuration.parsing.Parser70 - ISPN000293: Ignoring XML attribute START, please remove from configuration file
INFO main org.infinispan.configuration.parsing.Parser70 - ISPN000293: Ignoring XML attribute START, please remove from configuration file
INFO main eu.leads.processor.conf.LQPConfiguration - HOST:  leadsqueryenginem24 IP 10.106.0.16 BRCD 10.106.255.255
INFO main eu.leads.processor.common.infinispan.CacheManagerFactory - Starting Clustered Infinispan Manager
INFO main org.infinispan.configuration.parsing.Parser70 - ISPN000293: Ignoring XML attribute START, please remove from configuration file
INFO main org.infinispan.configuration.parsing.Parser70 - ISPN000293: Ignoring XML attribute START, please remove from configuration file
INFO main org.infinispan.configuration.parsing.Parser70 - ISPN000293: Ignoring XML attribute START, please remove from configuration file
INFO main org.infinispan.configuration.parsing.Parser70 - ISPN000293: Ignoring XML attribute START, please remove from configuration file
INFO main org.infinispan.configuration.parsing.Parser70 - ISPN000293: Ignoring XML attribute START, please remove from configuration file
INFO main org.infinispan.configuration.parsing.Parser70 - ISPN000293: Ignoring XML attribute START, please remove from configuration file
INFO main org.infinispan.configuration.parsing.Parser70 - ISPN000293: Ignoring XML attribute START, please remove from configuration file
INFO main org.infinispan.configuration.parsing.Parser70 - ISPN000293: Ignoring XML attribute START, please remove from configuration file
INFO main org.infinispan.configuration.parsing.Parser70 - ISPN000293: Ignoring XML attribute START, please remove from configuration file
INFO main org.infinispan.configuration.parsing.Parser70 - ISPN000293: Ignoring XML attribute START, please remove from configuration file
INFO main org.infinispan.configuration.cache.EvictionConfigurationBuilder - ISPN000152: Passivation configured without an eviction policy being selected. Only manually evicted entities will be passivated.
WARN main org.infinispan.configuration.cache.AbstractStoreConfigurationBuilder - ISPN000149: Fetch persistent state and purge on startup are both disabled, cache may contain stale entries on startup
WARN main org.infinispan.configuration.cache.AbstractStoreConfigurationBuilder - ISPN000149: Fetch persistent state and purge on startup are both disabled, cache may contain stale entries on startup
INFO main org.infinispan.configuration.cache.EvictionConfigurationBuilder - ISPN000152: Passivation configured without an eviction policy being selected. Only manually evicted entities will be passivated.
WARN main org.infinispan.configuration.cache.AbstractStoreConfigurationBuilder - ISPN000149: Fetch persistent state and purge on startup are both disabled, cache may contain stale entries on startup
INFO main org.infinispan.configuration.cache.EvictionConfigurationBuilder - ISPN000152: Passivation configured without an eviction policy being selected. Only manually evicted entities will be passivated.
WARN main org.infinispan.configuration.cache.AbstractStoreConfigurationBuilder - ISPN000149: Fetch persistent state and purge on startup are both disabled, cache may contain stale entries on startup
INFO main org.infinispan.configuration.cache.EvictionConfigurationBuilder - ISPN000152: Passivation configured without an eviction policy being selected. Only manually evicted entities will be passivated.
WARN main org.infinispan.configuration.cache.AbstractStoreConfigurationBuilder - ISPN000149: Fetch persistent state and purge on startup are both disabled, cache may contain stale entries on startup
INFO main org.infinispan.configuration.cache.EvictionConfigurationBuilder - ISPN000152: Passivation configured without an eviction policy being selected. Only manually evicted entities will be passivated.
WARN main org.infinispan.configuration.cache.AbstractStoreConfigurationBuilder - ISPN000149: Fetch persistent state and purge on startup are both disabled, cache may contain stale entries on startup
WARN main org.infinispan.configuration.cache.AbstractStoreConfigurationBuilder - ISPN000149: Fetch persistent state and purge on startup are both disabled, cache may contain stale entries on startup
WARN main eu.leads.processor.common.infinispan.ClusterInfinispanManager - Configuration given for clustered is not clustered so using default cluster configuration
INFO main org.infinispan.remoting.transport.jgroups.JGroupsTransport - ISPN000078: Starting JGroups channel ISPN
WARN main org.jgroups.stack.Configurator - JGRP000014: TP.loopback has been deprecated: enabled by default
WARN main org.jgroups.protocols.MFC - The fragmentation size of the fragmentation protocol is 60000, which is greater than min_credits (40000). This can lead to blockings (https://issues.jboss.org/browse/JGRP-1659)
WARN main org.jgroups.protocols.TCP - JGRP000046: bundler_type=new has been removed; using transfer-queue
INFO main org.infinispan.remoting.transport.jgroups.JGroupsTransport - ISPN000094: Received new cluster view for channel ISPN: [leadsqueryenginem24-10008|0] (1) [leadsqueryenginem24-10008]
INFO main org.infinispan.remoting.transport.jgroups.JGroupsTransport - ISPN000079: Channel ISPN local address is leadsqueryenginem24-10008, physical addresses are [10.106.0.16:37419]
INFO main org.infinispan.factories.GlobalComponentRegistry - ISPN000128: Infinispan version: Infinispan 'Guinness' 7.0.0.Alpha5
WARN main eu.leads.processor.common.infinispan.ClusterInfinispanManager - Configuration given for defaultCache is not clustered so using default cluster configuration
WARN main eu.leads.processor.common.infinispan.ClusterInfinispanManager - Configuration given for processor_plugins: is not clustered so using default cluster configuration
WARN main eu.leads.processor.common.infinispan.ClusterInfinispanManager - Configuration given for active_plugins_cache: is not clustered so using default cluster configuration
WARN main eu.leads.processor.common.infinispan.ClusterInfinispanManager - Configuration given for processor_plugins: is not clustered so using default cluster configuration
WARN main eu.leads.processor.common.infinispan.ClusterInfinispanManager - Configuration given for default.webpages is not clustered so using default cluster configuration
ERROR main eu.leads.processor.conf.LQPConfiguration - File config.propertiesCould not be loaded because it does not exist neither in the working dir nor in conf/
INFO main eu.leads.crawler.PersistentCrawl - Seed : http://www.yahoo.com/
INFO main eu.leads.crawler.PersistentCrawl - Depth 3
INFO main eu.leads.crawler.PersistentCrawl - Number of crawler threads 1
INFO main eu.leads.crawler.PersistentCrawl - Document earler than 10 day(s)
WARN main eu.leads.processor.common.infinispan.ClusterInfinispanManager - Configuration given for default.webpages is not clustered so using default cluster configuration
INFO main eu.leads.crawler.PersistentCrawl - 0
INFO main eu.leads.crawler.CrawlerController - Starting crawling..
INFO main eu.leads.crawler.CrawlerController - Initializing crawler controller
INFO main eu.leads.crawler.CrawlerController - Initializing task queue
INFO main eu.leads.crawler.CrawlerController - Queue is overriden, setting it instead of default inner task queue
INFO main eu.leads.crawler.CrawlerController - Initializing scheduler
INFO main eu.leads.crawler.frontier.DefaultScheduler - Scheduler was successfully initialized and started
INFO main eu.leads.crawler.CrawlerController - Initializing crawler workers
INFO main eu.leads.crawler.CrawlerController$CrawlerWorker - Thread-8 set task queue
INFO main eu.leads.crawler.CrawlerController - Task queue initialized
INFO main eu.leads.crawler.CrawlerController - Crawler controller initialized
INFO main eu.leads.crawler.CrawlerController$CrawlerWorker - Thread-8 is started
INFO Thread-8 eu.leads.crawler.CrawlerController$CrawlerWorker - Thread-8 start do work loop
INFO Thread-8 eu.leads.crawler.PersistentCrawler - Crawled: https://www.yahoo.com/
INFO Thread-8 eu.leads.crawler.PersistentCrawler - Crawled: https://www.yahoo.com/
INFO Thread-8 eu.leads.crawler.PersistentCrawler - Crawled: https://www.yahoo.com/movies
INFO Thread-8 eu.leads.crawler.PersistentCrawler - Crawled: https://www.yahoo.com/health
INFO Thread-8 eu.leads.crawler.PersistentCrawler - Crawled: https://www.yahoo.com/style
INFO Thread-8 eu.leads.crawler.PersistentCrawler - Crawled: https://www.yahoo.com/beauty
INFO main eu.leads.crawler.CrawlerController - Stopping crawling
INFO main eu.leads.crawler.CrawlerController$CrawlerWorker - Thread-8 is joined, waiting until it stops
INFO Thread-8 eu.leads.crawler.PersistentCrawler - Crawled: https://www.yahoo.com/food
INFO Thread-8 eu.leads.crawler.CrawlerController$CrawlerWorker - Thread-8 finished its work
INFO main eu.leads.crawler.CrawlerController$CrawlerWorker - Thread-8 is stopped
INFO main org.infinispan.remoting.transport.jgroups.JGroupsTransport - ISPN000080: Disconnecting JGroups channel ISPN
INFO main org.infinispan.remoting.transport.jgroups.JGroupsTransport - ISPN000082: Stopping the RpcDispatcher for channel ISPN
