INFO vert.x-worker-thread-2 org.apache.tajo.catalog.CatalogServer - Catalog Store Class: leads.tajo.catalog.LeadsMemStore
INFO vert.x-worker-thread-2 eu.leads.processor.common.infinispan.CacheManagerFactory - Starting Clustered Infinispan Manager
INFO vert.x-worker-thread-2 org.infinispan.configuration.parsing.Parser70 - ISPN000293: Ignoring XML attribute START, please remove from configuration file
INFO vert.x-worker-thread-2 org.infinispan.configuration.parsing.Parser70 - ISPN000293: Ignoring XML attribute START, please remove from configuration file
INFO vert.x-worker-thread-2 org.infinispan.configuration.parsing.Parser70 - ISPN000293: Ignoring XML attribute START, please remove from configuration file
INFO vert.x-worker-thread-2 org.infinispan.configuration.parsing.Parser70 - ISPN000293: Ignoring XML attribute START, please remove from configuration file
INFO vert.x-worker-thread-2 org.infinispan.configuration.parsing.Parser70 - ISPN000293: Ignoring XML attribute START, please remove from configuration file
INFO vert.x-worker-thread-2 org.infinispan.configuration.parsing.Parser70 - ISPN000293: Ignoring XML attribute START, please remove from configuration file
INFO vert.x-worker-thread-2 org.infinispan.configuration.parsing.Parser70 - ISPN000293: Ignoring XML attribute START, please remove from configuration file
INFO vert.x-worker-thread-2 org.infinispan.configuration.parsing.Parser70 - ISPN000293: Ignoring XML attribute START, please remove from configuration file
ERROR vert.x-worker-thread-2 eu.leads.processor.common.infinispan.ClusterInfinispanManager - Configuration given for clustered is not clustered so using default cluster configuration
INFO vert.x-worker-thread-2 org.infinispan.remoting.transport.jgroups.JGroupsTransport - ISPN000078: Starting JGroups channel ISPN
WARN vert.x-worker-thread-2 org.jgroups.stack.Configurator - JGRP000014: TP.loopback has been deprecated: enabled by default
WARN vert.x-worker-thread-2 org.jgroups.stack.Configurator - JGRP000014: Discovery.timeout has been deprecated: GMS.join_timeout should be used instead
WARN vert.x-worker-thread-2 org.jgroups.stack.Configurator - JGRP000014: Discovery.num_initial_members has been deprecated: will be ignored
WARN vert.x-worker-thread-2 org.jgroups.stack.Configurator - JGRP000014: Discovery.num_initial_srv_members has been deprecated: not used anymore
WARN vert.x-worker-thread-2 org.jgroups.stack.Configurator - JGRP000014: Discovery.always_send_physical_addr_with_discovery_request has been deprecated: ignored
WARN vert.x-worker-thread-2 org.jgroups.protocols.MFC - The fragmentation size of the fragmentation protocol is 60000, which is greater than min_credits (40000). This can lead to blockings (https://issues.jboss.org/browse/JGRP-1659)
WARN vert.x-worker-thread-2 org.jgroups.protocols.TCP - JGRP000046: bundler_type=new has been removed; using transfer-queue
INFO vert.x-worker-thread-2 org.infinispan.remoting.transport.jgroups.JGroupsTransport - ISPN000094: Received new cluster view for channel ISPN: [vagvaz-laptop-45833|0] (1) [vagvaz-laptop-45833]
INFO vert.x-worker-thread-2 org.infinispan.remoting.transport.jgroups.JGroupsTransport - ISPN000079: Channel ISPN local address is vagvaz-laptop-45833, physical addresses are [192.168.1.10:47056]
INFO vert.x-worker-thread-2 org.infinispan.factories.GlobalComponentRegistry - ISPN000128: Infinispan version: Infinispan 'Guinness' 7.0.0.Alpha5
ERROR vert.x-worker-thread-2 eu.leads.processor.common.infinispan.ClusterInfinispanManager - Configuration given for leads.processor.catalog.tablespaces is not clustered so using default cluster configuration
ERROR vert.x-worker-thread-2 eu.leads.processor.common.infinispan.ClusterInfinispanManager - Configuration given for leads.processor.catalog.databases is not clustered so using default cluster configuration
ERROR vert.x-worker-thread-2 eu.leads.processor.common.infinispan.ClusterInfinispanManager - Configuration given for leads.processor.catalog.functions is not clustered so using default cluster configuration
ERROR vert.x-worker-thread-2 eu.leads.processor.common.infinispan.ClusterInfinispanManager - Configuration given for leads.processor.catalog.indexes is not clustered so using default cluster configuration
ERROR vert.x-worker-thread-2 eu.leads.processor.common.infinispan.ClusterInfinispanManager - Configuration given for leads.processor.catalog.indexesByColumn is not clustered so using default cluster configuration
INFO vert.x-worker-thread-2 org.apache.tajo.rpc.RpcChannelFactory - Create CatalogProtocol-1 ServerSocketChannelFactory. Worker:8
INFO vert.x-worker-thread-2 org.apache.tajo.rpc.NettyServerBase - Rpc (CatalogProtocol) listens on /0:0:0:0:0:0:0:0:5998
INFO vert.x-worker-thread-2 org.apache.tajo.catalog.CatalogServer - Catalog Server startup (192.168.1.10:5998)
INFO CatalogProtocol-1 Server Worker #0 org.apache.tajo.catalog.CatalogServer - tablespace "defaultTableSpace" (leadsfs://localhost:5998/warehouse) is created
INFO CatalogProtocol-1 Server Worker #0 org.apache.tajo.catalog.CatalogServer - database "default" is created
INFO CatalogProtocol-1 Server Worker #0 org.apache.tajo.catalog.CatalogServer - relation "default.entities" is added to the catalog (192.168.1.10:5998)
INFO CatalogProtocol-1 Server Worker #0 org.apache.tajo.catalog.CatalogServer - relation "default.webpages" is added to the catalog (192.168.1.10:5998)
WARN Incoming-1,vagvaz-laptop-45833 org.jgroups.protocols.pbcast.NAKACK2 - JGRP000011: vagvaz-laptop-45833: dropped message 3 from non-member vagvaz-laptop-62717 (view=[vagvaz-laptop-45833|0] (1) [vagvaz-laptop-45833])
INFO Incoming-1,vagvaz-laptop-45833 org.infinispan.remoting.transport.jgroups.JGroupsTransport - ISPN000093: Received new, MERGED cluster view for channel ISPN: MergeView::[vagvaz-laptop-45833|2] (3) [vagvaz-laptop-45833, vagvaz-laptop-62717, vagvaz-laptop-61297], 2 subgroups: [vagvaz-laptop-45833|0] (1) [vagvaz-laptop-45833], [vagvaz-laptop-62717|1] (2) [vagvaz-laptop-62717, vagvaz-laptop-61297]
INFO vert.x-worker-thread-10 org.apache.tajo.catalog.CatalogServer - Catalog Store Class: leads.tajo.catalog.LeadsMemStore
INFO vert.x-worker-thread-10 eu.leads.processor.common.infinispan.CacheManagerFactory - Starting Clustered Infinispan Manager
INFO vert.x-worker-thread-10 org.infinispan.configuration.parsing.Parser70 - ISPN000293: Ignoring XML attribute START, please remove from configuration file
INFO vert.x-worker-thread-10 org.infinispan.configuration.parsing.Parser70 - ISPN000293: Ignoring XML attribute START, please remove from configuration file
INFO vert.x-worker-thread-10 org.infinispan.configuration.parsing.Parser70 - ISPN000293: Ignoring XML attribute START, please remove from configuration file
INFO vert.x-worker-thread-10 org.infinispan.configuration.parsing.Parser70 - ISPN000293: Ignoring XML attribute START, please remove from configuration file
INFO vert.x-worker-thread-10 org.infinispan.configuration.parsing.Parser70 - ISPN000293: Ignoring XML attribute START, please remove from configuration file
INFO vert.x-worker-thread-10 org.infinispan.configuration.parsing.Parser70 - ISPN000293: Ignoring XML attribute START, please remove from configuration file
INFO vert.x-worker-thread-10 org.infinispan.configuration.parsing.Parser70 - ISPN000293: Ignoring XML attribute START, please remove from configuration file
INFO vert.x-worker-thread-10 org.infinispan.configuration.parsing.Parser70 - ISPN000293: Ignoring XML attribute START, please remove from configuration file
ERROR vert.x-worker-thread-10 eu.leads.processor.common.infinispan.ClusterInfinispanManager - Configuration given for clustered is not clustered so using default cluster configuration
INFO vert.x-worker-thread-10 org.infinispan.remoting.transport.jgroups.JGroupsTransport - ISPN000078: Starting JGroups channel ISPN
WARN vert.x-worker-thread-10 org.jgroups.stack.Configurator - JGRP000014: TP.loopback has been deprecated: enabled by default
WARN vert.x-worker-thread-10 org.jgroups.stack.Configurator - JGRP000014: Discovery.timeout has been deprecated: GMS.join_timeout should be used instead
WARN vert.x-worker-thread-10 org.jgroups.stack.Configurator - JGRP000014: Discovery.num_initial_members has been deprecated: will be ignored
WARN vert.x-worker-thread-10 org.jgroups.stack.Configurator - JGRP000014: Discovery.num_initial_srv_members has been deprecated: not used anymore
WARN vert.x-worker-thread-10 org.jgroups.stack.Configurator - JGRP000014: Discovery.always_send_physical_addr_with_discovery_request has been deprecated: ignored
WARN vert.x-worker-thread-10 org.jgroups.protocols.MFC - The fragmentation size of the fragmentation protocol is 60000, which is greater than min_credits (40000). This can lead to blockings (https://issues.jboss.org/browse/JGRP-1659)
WARN vert.x-worker-thread-10 org.jgroups.protocols.TCP - JGRP000046: bundler_type=new has been removed; using transfer-queue
INFO vert.x-worker-thread-10 org.infinispan.remoting.transport.jgroups.JGroupsTransport - ISPN000094: Received new cluster view for channel ISPN: [vagvaz-laptop-38503|1] (2) [vagvaz-laptop-38503, vagvaz-laptop-58422]
INFO vert.x-worker-thread-10 org.infinispan.remoting.transport.jgroups.JGroupsTransport - ISPN000079: Channel ISPN local address is vagvaz-laptop-58422, physical addresses are [192.168.1.10:48991]
INFO vert.x-worker-thread-10 org.infinispan.factories.GlobalComponentRegistry - ISPN000128: Infinispan version: Infinispan 'Guinness' 7.0.0.Alpha5
ERROR vert.x-worker-thread-10 eu.leads.processor.common.infinispan.ClusterInfinispanManager - Configuration given for leads.processor.catalog.tablespaces is not clustered so using default cluster configuration
ERROR vert.x-worker-thread-10 eu.leads.processor.common.infinispan.ClusterInfinispanManager - Configuration given for leads.processor.catalog.databases is not clustered so using default cluster configuration
ERROR vert.x-worker-thread-10 eu.leads.processor.common.infinispan.ClusterInfinispanManager - Configuration given for leads.processor.catalog.functions is not clustered so using default cluster configuration
ERROR vert.x-worker-thread-10 eu.leads.processor.common.infinispan.ClusterInfinispanManager - Configuration given for leads.processor.catalog.indexes is not clustered so using default cluster configuration
ERROR vert.x-worker-thread-10 eu.leads.processor.common.infinispan.ClusterInfinispanManager - Configuration given for leads.processor.catalog.indexesByColumn is not clustered so using default cluster configuration
INFO vert.x-worker-thread-10 org.apache.tajo.rpc.RpcChannelFactory - Create CatalogProtocol-1 ServerSocketChannelFactory. Worker:8
INFO vert.x-worker-thread-10 org.apache.tajo.rpc.NettyServerBase - Rpc (CatalogProtocol) listens on /0:0:0:0:0:0:0:0:5998
INFO vert.x-worker-thread-10 org.apache.tajo.catalog.CatalogServer - Catalog Server startup (192.168.1.10:5998)
INFO CatalogProtocol-1 Server Worker #0 org.apache.tajo.catalog.CatalogServer - tablespace "defaultTableSpace" (leadsfs://localhost:5998/warehouse) is created
INFO CatalogProtocol-1 Server Worker #0 org.apache.tajo.catalog.CatalogServer - database "default" is created
INFO CatalogProtocol-1 Server Worker #0 org.apache.tajo.catalog.CatalogServer - relation "default.entities" is added to the catalog (192.168.1.10:5998)
INFO CatalogProtocol-1 Server Worker #0 org.apache.tajo.catalog.CatalogServer - relation "default.webpages" is added to the catalog (192.168.1.10:5998)
INFO vert.x-worker-thread-4 org.apache.tajo.catalog.CatalogServer - Catalog Store Class: leads.tajo.catalog.LeadsMemStore
INFO vert.x-worker-thread-4 eu.leads.processor.common.infinispan.CacheManagerFactory - Starting Clustered Infinispan Manager
INFO vert.x-worker-thread-4 org.infinispan.configuration.parsing.Parser70 - ISPN000293: Ignoring XML attribute START, please remove from configuration file
INFO vert.x-worker-thread-4 org.infinispan.configuration.parsing.Parser70 - ISPN000293: Ignoring XML attribute START, please remove from configuration file
INFO vert.x-worker-thread-4 org.infinispan.configuration.parsing.Parser70 - ISPN000293: Ignoring XML attribute START, please remove from configuration file
INFO vert.x-worker-thread-4 org.infinispan.configuration.parsing.Parser70 - ISPN000293: Ignoring XML attribute START, please remove from configuration file
INFO vert.x-worker-thread-4 org.infinispan.configuration.parsing.Parser70 - ISPN000293: Ignoring XML attribute START, please remove from configuration file
INFO vert.x-worker-thread-4 org.infinispan.configuration.parsing.Parser70 - ISPN000293: Ignoring XML attribute START, please remove from configuration file
INFO vert.x-worker-thread-4 org.infinispan.configuration.parsing.Parser70 - ISPN000293: Ignoring XML attribute START, please remove from configuration file
INFO vert.x-worker-thread-4 org.infinispan.configuration.parsing.Parser70 - ISPN000293: Ignoring XML attribute START, please remove from configuration file
ERROR vert.x-worker-thread-4 eu.leads.processor.common.infinispan.ClusterInfinispanManager - Configuration given for clustered is not clustered so using default cluster configuration
INFO vert.x-worker-thread-4 org.infinispan.remoting.transport.jgroups.JGroupsTransport - ISPN000078: Starting JGroups channel ISPN
WARN vert.x-worker-thread-4 org.jgroups.stack.Configurator - JGRP000014: TP.loopback has been deprecated: enabled by default
WARN vert.x-worker-thread-4 org.jgroups.stack.Configurator - JGRP000014: Discovery.timeout has been deprecated: GMS.join_timeout should be used instead
WARN vert.x-worker-thread-4 org.jgroups.stack.Configurator - JGRP000014: Discovery.num_initial_members has been deprecated: will be ignored
WARN vert.x-worker-thread-4 org.jgroups.stack.Configurator - JGRP000014: Discovery.num_initial_srv_members has been deprecated: not used anymore
WARN vert.x-worker-thread-4 org.jgroups.stack.Configurator - JGRP000014: Discovery.always_send_physical_addr_with_discovery_request has been deprecated: ignored
WARN vert.x-worker-thread-4 org.jgroups.protocols.MFC - The fragmentation size of the fragmentation protocol is 60000, which is greater than min_credits (40000). This can lead to blockings (https://issues.jboss.org/browse/JGRP-1659)
WARN vert.x-worker-thread-4 org.jgroups.protocols.TCP - JGRP000046: bundler_type=new has been removed; using transfer-queue
INFO vert.x-worker-thread-4 org.infinispan.remoting.transport.jgroups.JGroupsTransport - ISPN000094: Received new cluster view for channel ISPN: [vagvaz-laptop-39909|1] (2) [vagvaz-laptop-39909, vagvaz-laptop-7703]
INFO vert.x-worker-thread-4 org.infinispan.remoting.transport.jgroups.JGroupsTransport - ISPN000079: Channel ISPN local address is vagvaz-laptop-7703, physical addresses are [192.168.1.10:47369]
INFO vert.x-worker-thread-4 org.infinispan.factories.GlobalComponentRegistry - ISPN000128: Infinispan version: Infinispan 'Guinness' 7.0.0.Alpha5
ERROR vert.x-worker-thread-4 eu.leads.processor.common.infinispan.ClusterInfinispanManager - Configuration given for leads.processor.catalog.tablespaces is not clustered so using default cluster configuration
ERROR vert.x-worker-thread-4 eu.leads.processor.common.infinispan.ClusterInfinispanManager - Configuration given for leads.processor.catalog.databases is not clustered so using default cluster configuration
ERROR vert.x-worker-thread-4 eu.leads.processor.common.infinispan.ClusterInfinispanManager - Configuration given for leads.processor.catalog.functions is not clustered so using default cluster configuration
ERROR vert.x-worker-thread-4 eu.leads.processor.common.infinispan.ClusterInfinispanManager - Configuration given for leads.processor.catalog.indexes is not clustered so using default cluster configuration
ERROR vert.x-worker-thread-4 eu.leads.processor.common.infinispan.ClusterInfinispanManager - Configuration given for leads.processor.catalog.indexesByColumn is not clustered so using default cluster configuration
INFO vert.x-worker-thread-4 org.apache.tajo.rpc.RpcChannelFactory - Create CatalogProtocol-1 ServerSocketChannelFactory. Worker:8
INFO vert.x-worker-thread-4 org.apache.tajo.rpc.NettyServerBase - Rpc (CatalogProtocol) listens on /0:0:0:0:0:0:0:0:5998
INFO vert.x-worker-thread-4 org.apache.tajo.catalog.CatalogServer - Catalog Server startup (192.168.1.10:5998)
INFO CatalogProtocol-1 Server Worker #0 org.apache.tajo.catalog.CatalogServer - tablespace "defaultTableSpace" (leadsfs://localhost:5998/warehouse) is created
INFO CatalogProtocol-1 Server Worker #0 org.apache.tajo.catalog.CatalogServer - database "default" is created
INFO CatalogProtocol-1 Server Worker #0 org.apache.tajo.catalog.CatalogServer - relation "default.entities" is added to the catalog (192.168.1.10:5998)
INFO CatalogProtocol-1 Server Worker #0 org.apache.tajo.catalog.CatalogServer - relation "default.webpages" is added to the catalog (192.168.1.10:5998)
