INFO main org.infinispan.factories.GlobalComponentRegistry - ISPN000128: Infinispan version: Infinispan 'Infinium' 7.0.0.Alpha4
WARN notification-thread--p1-t1 org.infinispan.notifications.cachelistener.CacheNotifierImpl - ISPN000134: Unable to invoke method public void eu.leads.distsum.Node.onCacheModification(org.infinispan.notifications.cachelistener.event.CacheEntryEvent) on Object instance eu.leads.distsum.Worker@49488a98 - removing this target object from list of listeners!
java.lang.IllegalStateException: Default cache is in 'STOPPING' state and this is an invocation not belonging to an on-going transaction, so it does not accept new invocations. Either restart it or recreate the cache container.
	at org.infinispan.interceptors.InvocationContextInterceptor.handleAll(InvocationContextInterceptor.java:97)
	at org.infinispan.interceptors.InvocationContextInterceptor.handleDefault(InvocationContextInterceptor.java:74)
	at org.infinispan.commands.AbstractVisitor.visitPutKeyValueCommand(AbstractVisitor.java:32)
	at org.infinispan.commands.write.PutKeyValueCommand.acceptVisitor(PutKeyValueCommand.java:71)
	at org.infinispan.interceptors.InterceptorChain.invoke(InterceptorChain.java:333)
	at org.infinispan.cache.impl.CacheImpl.executeCommandAndCommitIfNeeded(CacheImpl.java:1429)
	at org.infinispan.cache.impl.CacheImpl.putInternal(CacheImpl.java:907)
	at org.infinispan.cache.impl.CacheImpl.put(CacheImpl.java:899)
	at org.infinispan.cache.impl.CacheImpl.put(CacheImpl.java:1474)
	at org.infinispan.cache.impl.CacheImpl.put(CacheImpl.java:232)
	at eu.leads.distsum.ComChannel.sentTo(ComChannel.java:37)
	at eu.leads.distsum.Node.send(Node.java:46)
	at eu.leads.distsum.Worker.receiveMessage(Worker.java:148)
	at eu.leads.distsum.Node.onCacheModification(Node.java:39)
	at sun.reflect.GeneratedMethodAccessor5.invoke(Unknown Source)
	at sun.reflect.DelegatingMethodAccessorImpl.invoke(DelegatingMethodAccessorImpl.java:43)
	at java.lang.reflect.Method.invoke(Method.java:606)
	at org.infinispan.notifications.impl.AbstractListenerImpl$ListenerInvocation$1.run(AbstractListenerImpl.java:282)
	at java.util.concurrent.ThreadPoolExecutor.runWorker(ThreadPoolExecutor.java:1145)
	at java.util.concurrent.ThreadPoolExecutor$Worker.run(ThreadPoolExecutor.java:615)
	at java.lang.Thread.run(Thread.java:745)
WARN notification-thread--p1-t1 org.infinispan.notifications.cachelistener.CacheNotifierImpl - ISPN000134: Unable to invoke method public void eu.leads.distsum.Node.onCacheModification(org.infinispan.notifications.cachelistener.event.CacheEntryEvent) on Object instance eu.leads.distsum.Worker@398326be - removing this target object from list of listeners!
java.lang.IllegalStateException: Default cache is in 'STOPPING' state and this is an invocation not belonging to an on-going transaction, so it does not accept new invocations. Either restart it or recreate the cache container.
	at org.infinispan.interceptors.InvocationContextInterceptor.handleAll(InvocationContextInterceptor.java:97)
	at org.infinispan.interceptors.InvocationContextInterceptor.handleDefault(InvocationContextInterceptor.java:74)
	at org.infinispan.commands.AbstractVisitor.visitPutKeyValueCommand(AbstractVisitor.java:32)
	at org.infinispan.commands.write.PutKeyValueCommand.acceptVisitor(PutKeyValueCommand.java:71)
	at org.infinispan.interceptors.InterceptorChain.invoke(InterceptorChain.java:333)
	at org.infinispan.cache.impl.CacheImpl.executeCommandAndCommitIfNeeded(CacheImpl.java:1429)
	at org.infinispan.cache.impl.CacheImpl.putInternal(CacheImpl.java:907)
	at org.infinispan.cache.impl.CacheImpl.put(CacheImpl.java:899)
	at org.infinispan.cache.impl.CacheImpl.put(CacheImpl.java:1474)
	at org.infinispan.cache.impl.CacheImpl.put(CacheImpl.java:232)
	at eu.leads.distsum.ComChannel.sentTo(ComChannel.java:37)
	at eu.leads.distsum.Node.send(Node.java:46)
	at eu.leads.distsum.Worker.receiveMessage(Worker.java:148)
	at eu.leads.distsum.Node.onCacheModification(Node.java:39)
	at sun.reflect.GeneratedMethodAccessor5.invoke(Unknown Source)
	at sun.reflect.DelegatingMethodAccessorImpl.invoke(DelegatingMethodAccessorImpl.java:43)
	at java.lang.reflect.Method.invoke(Method.java:606)
	at org.infinispan.notifications.impl.AbstractListenerImpl$ListenerInvocation$1.run(AbstractListenerImpl.java:282)
	at java.util.concurrent.ThreadPoolExecutor.runWorker(ThreadPoolExecutor.java:1145)
	at java.util.concurrent.ThreadPoolExecutor$Worker.run(ThreadPoolExecutor.java:615)
	at java.lang.Thread.run(Thread.java:745)
WARN notification-thread--p1-t1 org.infinispan.notifications.cachelistener.CacheNotifierImpl - ISPN000134: Unable to invoke method public void eu.leads.distsum.Node.onCacheModification(org.infinispan.notifications.cachelistener.event.CacheEntryEvent) on Object instance eu.leads.distsum.Worker@5164a171 - removing this target object from list of listeners!
java.lang.IllegalStateException: Default cache is in 'TERMINATED' state and so it does not accept new invocations. Either restart it or recreate the cache container.
	at org.infinispan.interceptors.InvocationContextInterceptor.handleAll(InvocationContextInterceptor.java:92)
	at org.infinispan.interceptors.InvocationContextInterceptor.handleDefault(InvocationContextInterceptor.java:74)
	at org.infinispan.commands.AbstractVisitor.visitPutKeyValueCommand(AbstractVisitor.java:32)
	at org.infinispan.commands.write.PutKeyValueCommand.acceptVisitor(PutKeyValueCommand.java:71)
	at org.infinispan.interceptors.InterceptorChain.invoke(InterceptorChain.java:333)
	at org.infinispan.cache.impl.CacheImpl.executeCommandAndCommitIfNeeded(CacheImpl.java:1429)
	at org.infinispan.cache.impl.CacheImpl.putInternal(CacheImpl.java:907)
	at org.infinispan.cache.impl.CacheImpl.put(CacheImpl.java:899)
	at org.infinispan.cache.impl.CacheImpl.put(CacheImpl.java:1474)
	at org.infinispan.cache.impl.CacheImpl.put(CacheImpl.java:232)
	at eu.leads.distsum.ComChannel.sentTo(ComChannel.java:37)
	at eu.leads.distsum.Node.send(Node.java:46)
	at eu.leads.distsum.Worker.receiveMessage(Worker.java:148)
	at eu.leads.distsum.Node.onCacheModification(Node.java:39)
	at sun.reflect.GeneratedMethodAccessor5.invoke(Unknown Source)
	at sun.reflect.DelegatingMethodAccessorImpl.invoke(DelegatingMethodAccessorImpl.java:43)
	at java.lang.reflect.Method.invoke(Method.java:606)
	at org.infinispan.notifications.impl.AbstractListenerImpl$ListenerInvocation$1.run(AbstractListenerImpl.java:282)
	at java.util.concurrent.ThreadPoolExecutor.runWorker(ThreadPoolExecutor.java:1145)
	at java.util.concurrent.ThreadPoolExecutor$Worker.run(ThreadPoolExecutor.java:615)
	at java.lang.Thread.run(Thread.java:745)
WARN notification-thread--p1-t1 org.infinispan.notifications.cachelistener.CacheNotifierImpl - ISPN000134: Unable to invoke method public void eu.leads.distsum.Node.onCacheModification(org.infinispan.notifications.cachelistener.event.CacheEntryEvent) on Object instance eu.leads.distsum.Worker@25a32b76 - removing this target object from list of listeners!
java.lang.IllegalStateException: Default cache is in 'TERMINATED' state and so it does not accept new invocations. Either restart it or recreate the cache container.
	at org.infinispan.interceptors.InvocationContextInterceptor.handleAll(InvocationContextInterceptor.java:92)
	at org.infinispan.interceptors.InvocationContextInterceptor.handleDefault(InvocationContextInterceptor.java:74)
	at org.infinispan.commands.AbstractVisitor.visitPutKeyValueCommand(AbstractVisitor.java:32)
	at org.infinispan.commands.write.PutKeyValueCommand.acceptVisitor(PutKeyValueCommand.java:71)
	at org.infinispan.interceptors.InterceptorChain.invoke(InterceptorChain.java:333)
	at org.infinispan.cache.impl.CacheImpl.executeCommandAndCommitIfNeeded(CacheImpl.java:1429)
	at org.infinispan.cache.impl.CacheImpl.putInternal(CacheImpl.java:907)
	at org.infinispan.cache.impl.CacheImpl.put(CacheImpl.java:899)
	at org.infinispan.cache.impl.CacheImpl.put(CacheImpl.java:1474)
	at org.infinispan.cache.impl.CacheImpl.put(CacheImpl.java:232)
	at eu.leads.distsum.ComChannel.sentTo(ComChannel.java:37)
	at eu.leads.distsum.Node.send(Node.java:46)
	at eu.leads.distsum.Worker.receiveMessage(Worker.java:148)
	at eu.leads.distsum.Node.onCacheModification(Node.java:39)
	at sun.reflect.GeneratedMethodAccessor5.invoke(Unknown Source)
	at sun.reflect.DelegatingMethodAccessorImpl.invoke(DelegatingMethodAccessorImpl.java:43)
	at java.lang.reflect.Method.invoke(Method.java:606)
	at org.infinispan.notifications.impl.AbstractListenerImpl$ListenerInvocation$1.run(AbstractListenerImpl.java:282)
	at java.util.concurrent.ThreadPoolExecutor.runWorker(ThreadPoolExecutor.java:1145)
	at java.util.concurrent.ThreadPoolExecutor$Worker.run(ThreadPoolExecutor.java:615)
	at java.lang.Thread.run(Thread.java:745)
INFO main org.infinispan.factories.GlobalComponentRegistry - ISPN000128: Infinispan version: Infinispan 'Infinium' 7.0.0.Alpha4
WARN notification-thread--p1-t1 org.infinispan.notifications.cachelistener.CacheNotifierImpl - ISPN000134: Unable to invoke method public void eu.leads.distsum.Node.onCacheModification(org.infinispan.notifications.cachelistener.event.CacheEntryEvent) on Object instance eu.leads.distsum.Coordinator@7b65d2f8 - removing this target object from list of listeners!
java.lang.IllegalStateException: Default cache is in 'STOPPING' state and this is an invocation not belonging to an on-going transaction, so it does not accept new invocations. Either restart it or recreate the cache container.
	at org.infinispan.interceptors.InvocationContextInterceptor.handleAll(InvocationContextInterceptor.java:97)
	at org.infinispan.interceptors.InvocationContextInterceptor.handleDefault(InvocationContextInterceptor.java:74)
	at org.infinispan.commands.AbstractVisitor.visitPutKeyValueCommand(AbstractVisitor.java:32)
	at org.infinispan.commands.write.PutKeyValueCommand.acceptVisitor(PutKeyValueCommand.java:71)
	at org.infinispan.interceptors.InterceptorChain.invoke(InterceptorChain.java:333)
	at org.infinispan.cache.impl.CacheImpl.executeCommandAndCommitIfNeeded(CacheImpl.java:1429)
	at org.infinispan.cache.impl.CacheImpl.putInternal(CacheImpl.java:907)
	at org.infinispan.cache.impl.CacheImpl.put(CacheImpl.java:899)
	at org.infinispan.cache.impl.CacheImpl.put(CacheImpl.java:1474)
	at org.infinispan.cache.impl.CacheImpl.put(CacheImpl.java:232)
	at eu.leads.distsum.ComChannel.sentTo(ComChannel.java:37)
	at eu.leads.distsum.Node.send(Node.java:46)
	at eu.leads.distsum.Coordinator.processPhase3msg(Coordinator.java:238)
	at eu.leads.distsum.Coordinator.receiveMessage(Coordinator.java:129)
	at eu.leads.distsum.Node.onCacheModification(Node.java:39)
	at sun.reflect.GeneratedMethodAccessor5.invoke(Unknown Source)
	at sun.reflect.DelegatingMethodAccessorImpl.invoke(DelegatingMethodAccessorImpl.java:43)
	at java.lang.reflect.Method.invoke(Method.java:606)
	at org.infinispan.notifications.impl.AbstractListenerImpl$ListenerInvocation$1.run(AbstractListenerImpl.java:282)
	at java.util.concurrent.ThreadPoolExecutor.runWorker(ThreadPoolExecutor.java:1145)
	at java.util.concurrent.ThreadPoolExecutor$Worker.run(ThreadPoolExecutor.java:615)
	at java.lang.Thread.run(Thread.java:745)
